<?xml version="1.0" encoding="UTF-8"?>
<!-- Generated by org.testng.reporters.JUnitReportReporter -->
<testsuite hostname="ioguinote" name="br.com.ioguisoftware.vnf.model.service.impl.FilmeServiceImplTest" tests="2" failures="0" timestamp="12 Feb 2014 21:53:00 GMT" time="12.999" errors="0">
  <testcase name="generateFilmes" time="0.045" classname="br.com.ioguisoftware.vnf.model.service.impl.FilmeServiceImplTest"/>
  <testcase name="getRandomEnqueteFilmes" time="12.954" classname="br.com.ioguisoftware.vnf.model.service.impl.FilmeServiceImplTest"/>
</testsuite> <!-- br.com.ioguisoftware.vnf.model.service.impl.FilmeServiceImplTest -->
